c:\users\alberto\documents\github\sbvmidi\x64\win7release\sbvmidi package\sbvmidi.cat
c:\users\alberto\documents\github\sbvmidi\sbvmidi package\x64\win7release\inf2cat-expand.5128.read.1.tlog
c:\users\alberto\documents\github\sbvmidi\sbvmidi package\x64\win7release\inf2cat-expand.5128.write.1.tlog
c:\users\alberto\documents\github\sbvmidi\sbvmidi package\x64\win7release\inf2cat-expand.5148.read.1.tlog
c:\users\alberto\documents\github\sbvmidi\sbvmidi package\x64\win7release\inf2cat-expand.5148.write.1.tlog
c:\users\alberto\documents\github\sbvmidi\sbvmidi package\x64\win7release\inf2cat-expand.5324.read.1.tlog
c:\users\alberto\documents\github\sbvmidi\sbvmidi package\x64\win7release\inf2cat-expand.5324.write.1.tlog
c:\users\alberto\documents\github\sbvmidi\sbvmidi package\x64\win7release\inf2cat-expand.6472.read.1.tlog
c:\users\alberto\documents\github\sbvmidi\sbvmidi package\x64\win7release\inf2cat-expand.6472.write.1.tlog
c:\users\alberto\documents\github\sbvmidi\sbvmidi package\x64\win7release\inf2cat-expand.6684.read.1.tlog
c:\users\alberto\documents\github\sbvmidi\sbvmidi package\x64\win7release\inf2cat-expand.6684.write.1.tlog
c:\users\alberto\documents\github\sbvmidi\sbvmidi package\x64\win7release\inf2cat-expand.7580.read.1.tlog
c:\users\alberto\documents\github\sbvmidi\sbvmidi package\x64\win7release\inf2cat-expand.7580.write.1.tlog
c:\users\alberto\documents\github\sbvmidi\sbvmidi package\x64\win7release\inf2cat-expand.read.1.tlog
c:\users\alberto\documents\github\sbvmidi\sbvmidi package\x64\win7release\inf2cat-expand.write.1.tlog
c:\users\alberto\documents\github\sbvmidi\sbvmidi package\x64\win7release\inf2cat.command.1.tlog
c:\users\alberto\documents\github\sbvmidi\sbvmidi package\x64\win7release\inf2cat.read.1.tlog
c:\users\alberto\documents\github\sbvmidi\sbvmidi package\x64\win7release\inf2cat.read.8.tlog
c:\users\alberto\documents\github\sbvmidi\sbvmidi package\x64\win7release\inf2cat.write.1.tlog
c:\users\alberto\documents\github\sbvmidi\sbvmidi package\x64\win7release\inf2cat.write.8.tlog
