c:\users\alberto\desktop\sbvmidi\sbvmidi\x64\win8.1debug\sbvmidi package\sbvmidi.cat
c:\users\alberto\desktop\sbvmidi\sbvmidi\sbvmidi package\x64\win8.1debug\inf2cat-expand.2132.read.1.tlog
c:\users\alberto\desktop\sbvmidi\sbvmidi\sbvmidi package\x64\win8.1debug\inf2cat-expand.2132.write.1.tlog
c:\users\alberto\desktop\sbvmidi\sbvmidi\sbvmidi package\x64\win8.1debug\inf2cat-expand.3040.read.1.tlog
c:\users\alberto\desktop\sbvmidi\sbvmidi\sbvmidi package\x64\win8.1debug\inf2cat-expand.3040.write.1.tlog
c:\users\alberto\desktop\sbvmidi\sbvmidi\sbvmidi package\x64\win8.1debug\inf2cat-expand.3420.read.1.tlog
c:\users\alberto\desktop\sbvmidi\sbvmidi\sbvmidi package\x64\win8.1debug\inf2cat-expand.3420.write.1.tlog
c:\users\alberto\desktop\sbvmidi\sbvmidi\sbvmidi package\x64\win8.1debug\inf2cat-expand.3644.read.1.tlog
c:\users\alberto\desktop\sbvmidi\sbvmidi\sbvmidi package\x64\win8.1debug\inf2cat-expand.3644.write.1.tlog
c:\users\alberto\desktop\sbvmidi\sbvmidi\sbvmidi package\x64\win8.1debug\inf2cat-expand.4088.read.1.tlog
c:\users\alberto\desktop\sbvmidi\sbvmidi\sbvmidi package\x64\win8.1debug\inf2cat-expand.4088.write.1.tlog
c:\users\alberto\desktop\sbvmidi\sbvmidi\sbvmidi package\x64\win8.1debug\inf2cat-expand.4516.read.1.tlog
c:\users\alberto\desktop\sbvmidi\sbvmidi\sbvmidi package\x64\win8.1debug\inf2cat-expand.4516.write.1.tlog
c:\users\alberto\desktop\sbvmidi\sbvmidi\sbvmidi package\x64\win8.1debug\inf2cat-expand.5368.read.1.tlog
c:\users\alberto\desktop\sbvmidi\sbvmidi\sbvmidi package\x64\win8.1debug\inf2cat-expand.5368.write.1.tlog
c:\users\alberto\desktop\sbvmidi\sbvmidi\sbvmidi package\x64\win8.1debug\inf2cat-expand.5784.read.1.tlog
c:\users\alberto\desktop\sbvmidi\sbvmidi\sbvmidi package\x64\win8.1debug\inf2cat-expand.5784.write.1.tlog
c:\users\alberto\desktop\sbvmidi\sbvmidi\sbvmidi package\x64\win8.1debug\inf2cat-expand.6092.read.1.tlog
c:\users\alberto\desktop\sbvmidi\sbvmidi\sbvmidi package\x64\win8.1debug\inf2cat-expand.6092.write.1.tlog
c:\users\alberto\desktop\sbvmidi\sbvmidi\sbvmidi package\x64\win8.1debug\inf2cat-expand.read.1.tlog
c:\users\alberto\desktop\sbvmidi\sbvmidi\sbvmidi package\x64\win8.1debug\inf2cat-expand.write.1.tlog
c:\users\alberto\desktop\sbvmidi\sbvmidi\sbvmidi package\x64\win8.1debug\inf2cat.command.1.tlog
c:\users\alberto\desktop\sbvmidi\sbvmidi\sbvmidi package\x64\win8.1debug\inf2cat.read.1.tlog
c:\users\alberto\desktop\sbvmidi\sbvmidi\sbvmidi package\x64\win8.1debug\inf2cat.write.1.tlog
c:\users\alberto\desktop\sbvmidi\sbvmidi\sbvmidi package\x64\win8.1debug\signtool.command.1.tlog
c:\users\alberto\desktop\sbvmidi\sbvmidi\sbvmidi package\x64\win8.1debug\signtool.read.1.tlog
c:\users\alberto\desktop\sbvmidi\sbvmidi\sbvmidi package\x64\win8.1debug\signtool.write.1.tlog
