Compilación iniciada a las 11/02/2014 14:57:56.
     1>Proyecto "C:\Users\Alberto\Documents\GitHub\sbvmidi\sbvmidi\sbvmidi.vcxproj" en el nodo 2 (Build destinos).
     1>StampInf:
         C:\Program Files (x86)\Windows Kits\8.1\bin\x86\stampinf.exe -d "*" -a "x86" -v "*" -k "1.11" -u "1.11.0" -f Win8Release\sbvmidi.inf 
         Stamping Win8Release\sbvmidi.inf [Version] section with DriverVer=02/11/2014,14.57.56.730
       ClCompile:
         C:\Program Files (x86)\Microsoft Visual Studio 12.0\VC\bin\CL.exe /c /IWin8Release\ /Zi /nologo /W4 /WX /Ox /Os /Oy- /D _X86_=1 /D i386=1 /D STD_CALL /D _WIN32_WINNT=0x0602 /D WINVER=0x0602 /D WINNT=1 /D NTDDI_VERSION=0x06020000 /GF /Gm- /Zp8 /GS /Gy /fp:precise /Zc:wchar_t- /Zc:forScope- /GR- /Fo"Win8Release\\" /Fd"Win8Release\vc120.pdb" /Gz /wd4603 /wd4627 /wd4986 /wd4987 /wd4996 /FI"C:\Program Files (x86)\Windows Kits\8.1\Include\Shared\warning.h" /analyze- /errorReport:prompt /kernel -cbstring  /d1nodatetime /d1import_no_registry /d2AllowCompatibleILVersions /d2Zi+ ..\virtualmidi\miniport.cpp ..\virtualmidi\stream.cpp adapter.cpp
         miniport.cpp
         stream.cpp
         adapter.cpp
         Generando código...
       Link:
         C:\Program Files (x86)\Microsoft Visual Studio 12.0\VC\bin\link.exe /ERRORREPORT:PROMPT /OUT:"C:\Users\Alberto\Documents\GitHub\sbvmidi\Win8Release\sbvmidi.sys" /VERSION:"6.3" /INCREMENTAL:NO /NOLOGO /WX /SECTION:"INIT,d" "C:\Program Files (x86)\Windows Kits\8.1\lib\win8\KM\x86\BufferOverflowFastFailK.lib" "C:\Program Files (x86)\Windows Kits\8.1\lib\win8\KM\x86\ntoskrnl.lib" "C:\Program Files (x86)\Windows Kits\8.1\lib\win8\KM\x86\hal.lib" "C:\Program Files (x86)\Windows Kits\8.1\lib\win8\KM\x86\wmilib.lib" "C:\Program Files (x86)\Windows Kits\8.1\lib\win8\KM\x86\BufferOverflowFastFailK.lib" "C:\Program Files (x86)\Windows Kits\8.1\lib\win8\KM\x86\ntoskrnl.lib" "C:\Program Files (x86)\Windows Kits\8.1\lib\win8\KM\x86\hal.lib" "C:\Program Files (x86)\Windows Kits\8.1\lib\win8\KM\x86\wmilib.lib" "C:\Program Files (x86)\Windows Kits\8.1\lib\win8\KM\x86\portcls.lib" "C:\Program Files (x86)\Windows Kits\8.1\lib\win8\KM\x86\ksguid.lib" "C:\Program Files (x86)\Windows Kits\8.1\lib\win8\KM\x86\dxguid.lib" "C:\Program Files (x86)\Windows Kits\8.1\lib\win8\KM\x86\libcntpr.lib" /NODEFAULTLIB /MANIFEST:NO /DEBUG /PDB:"C:\Users\Alberto\Documents\GitHub\sbvmidi\Win8Release\sbvmidi.pdb" /SUBSYSTEM:NATIVE,"6.02" /Driver /OPT:REF /OPT:ICF /ENTRY:"GsDriverEntry@8" /RELEASE /IMPLIB:"C:\Users\Alberto\Documents\GitHub\sbvmidi\Win8Release\sbvmidi.lib" /MERGE:"_TEXT=.text;_PAGE=PAGE" /MACHINE:X86 /PROFILE /SAFESEH /kernel /IGNORE:4198,4010,4037,4039,4065,4070,4078,4087,4089,4221 /osversion:6.3 /pdbcompress /debugtype:pdata Win8Release\miniport.obj
         Win8Release\stream.obj
         Win8Release\adapter.obj
         C:\Users\Alberto\Documents\GitHub\sbvmidi\stdunk\Win8Release\stdunk.lib
     1>LINK : fatal error LNK1181: no se puede abrir el archivo de entrada 'C:\Program Files (x86)\Windows Kits\8.1\lib\win8\KM\x86\dxguid.lib'
     1>Compilación del proyecto terminada "C:\Users\Alberto\Documents\GitHub\sbvmidi\sbvmidi\sbvmidi.vcxproj" (Build destinos) -- ERROR.

ERROR al compilar.

Tiempo transcurrido 00:00:01.84
